<?xml version="1.0" encoding="utf-8"?><testsuites name="pytest tests"><testsuite name="pytest" errors="0" failures="0" skipped="0" tests="27" time="6.758" timestamp="2026-08-16T22:47:38.720877+00:00" hostname="agent-env-0ef3b37c-c5f5-4915-8ba3-497f45f30e74"><testcase classname="tests.test_phase23.TestPublicMenuExtended" name="test_menu_shape_has_offers" time="0.325" /><testcase classname="tests.test_phase23.TestItemSizesAddons" name="test_create_item_with_sizes_and_addons" time="1.339" /><testcase classname="tests.test_phase23.TestItemSizesAddons" name="test_patch_item_updates_sizes" time="0.329" /><testcase classname="tests.test_phase23.TestOffers" name="test_1_list_offers_before" time="0.116" /><testcase classname="tests.test_phase23.TestOffers" name="test_2_admin_create_offer" time="0.095" /><testcase classname="tests.test_phase23.TestOffers" name="test_3_staff_cannot_create_offer" time="0.480" /><testcase classname="tests.test_phase23.TestOffers" name="test_4_public_menu_shows_active_offer" time="0.111" /><testcase classname="tests.test_phase23.TestOffers" name="test_5_patch_offer_toggle_inactive" time="0.199" /><testcase classname="tests.test_phase23.TestOffers" name="test_6_delete_offer" time="0.097" /><testcase classname="tests.test_phase23.TestOffers" name="test_7_staff_can_list_offers" time="0.119" /><testcase classname="tests.test_phase23.TestWaiterCallPublic" name="test_invalid_token_404" time="0.100" /><testcase classname="tests.test_phase23.TestWaiterCallPublic" name="test_create_and_dedupe" time="0.249" /><testcase classname="tests.test_phase23.TestPublicOrder" name="test_1_invalid_qr" time="0.109" /><testcase classname="tests.test_phase23.TestPublicOrder" name="test_2_create_order_ok" time="0.101" /><testcase classname="tests.test_phase23.TestPublicOrder" name="test_3_order_status_endpoint" time="0.123" /><testcase classname="tests.test_phase23.TestPublicOrder" name="test_4_order_status_invalid" time="0.100" /><testcase classname="tests.test_phase23.TestPublicOrder" name="test_5_order_rejected_when_orders_disabled" time="0.318" /><testcase classname="tests.test_phase23.TestPublicOrder" name="test_6_order_rejected_when_item_unavailable" time="0.335" /><testcase classname="tests.test_phase23.TestOrdersAuth" name="test_admin_list_orders" time="0.100" /><testcase classname="tests.test_phase23.TestOrdersAuth" name="test_staff_list_orders" time="0.110" /><testcase classname="tests.test_phase23.TestOrdersAuth" name="test_staff_can_update_order_status" time="0.474" /><testcase classname="tests.test_phase23.TestOrdersAuth" name="test_staff_can_list_waiter_calls" time="0.102" /><testcase classname="tests.test_phase23.TestOrdersAuth" name="test_staff_can_ack_waiter_call" time="0.318" /><testcase classname="tests.test_phase23.TestOrdersAuth" name="test_live_returns_expected_shape" time="0.121" /><testcase classname="tests.test_phase23.TestOrdersAuth" name="test_live_no_auth" time="0.176" /><testcase classname="tests.test_phase23.TestOrdersAuth" name="test_order_status_change_logged" time="0.104" /><testcase classname="tests.test_phase23.TestOrderTenantIsolation" name="test_tenant_b_cannot_patch_tenant_a_order" time="0.547" /></testsuite></testsuites>