<?xml version="1.0" encoding="utf-8"?><testsuites name="pytest tests"><testsuite name="pytest" errors="0" failures="0" skipped="0" tests="31" time="6.780" timestamp="2026-08-16T22:30:44.969294+00:00" hostname="agent-env-0ef3b37c-c5f5-4915-8ba3-497f45f30e74"><testcase classname="tests.backend_test.TestAuth" name="test_login_admin_returns_user_and_restaurant" time="0.354" /><testcase classname="tests.backend_test.TestAuth" name="test_login_wrong_password" time="0.332" /><testcase classname="tests.backend_test.TestAuth" name="test_me" time="0.477" /><testcase classname="tests.backend_test.TestAuth" name="test_me_no_token" time="0.096" /><testcase classname="tests.backend_test.TestAuth" name="test_register_creates_new_tenant" time="0.326" /><testcase classname="tests.backend_test.TestAuth" name="test_register_duplicate_email" time="0.099" /><testcase classname="tests.backend_test.TestDashboard" name="test_dashboard_counts" time="0.106" /><testcase classname="tests.backend_test.TestRestaurantUpdate" name="test_toggle_orders_enabled_admin" time="0.198" /><testcase classname="tests.backend_test.TestRestaurantUpdate" name="test_staff_cannot_update_restaurant" time="0.417" /><testcase classname="tests.backend_test.TestBranchTableCategoryItem" name="test_1_create_branch" time="0.095" /><testcase classname="tests.backend_test.TestBranchTableCategoryItem" name="test_2_staff_cannot_create_branch" time="0.099" /><testcase classname="tests.backend_test.TestBranchTableCategoryItem" name="test_3_list_branches_contains_new" time="0.101" /><testcase classname="tests.backend_test.TestBranchTableCategoryItem" name="test_4_patch_branch" time="0.133" /><testcase classname="tests.backend_test.TestBranchTableCategoryItem" name="test_5_create_table_has_qr_token" time="0.098" /><testcase classname="tests.backend_test.TestBranchTableCategoryItem" name="test_6_qr_token_unique" time="0.243" /><testcase classname="tests.backend_test.TestBranchTableCategoryItem" name="test_7_create_category" time="0.106" /><testcase classname="tests.backend_test.TestBranchTableCategoryItem" name="test_8_create_item" time="0.123" /><testcase classname="tests.backend_test.TestBranchTableCategoryItem" name="test_9_toggle_availability" time="0.103" /><testcase classname="tests.backend_test.TestBranchTableCategoryItem" name="test_10_toggle_visibility" time="0.312" /><testcase classname="tests.backend_test.TestBranchTableCategoryItem" name="test_11_price_update_logs_change" time="0.136" /><testcase classname="tests.backend_test.TestBranchTableCategoryItem" name="test_12_staff_cannot_toggle_item" time="0.125" /><testcase classname="tests.backend_test.TestBranchTableCategoryItem" name="test_13_change_logs_recorded" time="0.120" /><testcase classname="tests.backend_test.TestBranchTableCategoryItem" name="test_14_staff_cannot_get_change_logs" time="0.128" /><testcase classname="tests.backend_test.TestBranchTableCategoryItem" name="test_15_cleanup_delete_branch_cascade" time="0.218" /><testcase classname="tests.backend_test.TestStaffMgmt" name="test_admin_list_staff" time="0.125" /><testcase classname="tests.backend_test.TestStaffMgmt" name="test_staff_forbidden_list_staff" time="0.098" /><testcase classname="tests.backend_test.TestStaffMgmt" name="test_admin_create_and_delete_staff" time="0.508" /><testcase classname="tests.backend_test.TestPublicMenu" name="test_public_menu_valid_token" time="0.121" /><testcase classname="tests.backend_test.TestPublicMenu" name="test_public_menu_invalid_token" time="0.096" /><testcase classname="tests.backend_test.TestPublicMenu" name="test_public_menu_no_auth_required" time="0.106" /><testcase classname="tests.backend_test.TestTenantIsolation" name="test_tenant_a_cannot_read_tenant_b_branch" time="1.088" /></testsuite></testsuites>